  OOP-AS-IT-SHULD-BE.cpp
C:\Users\H1202\source\repos\OOP-AS-IT-SHULD-BE\OOP-AS-IT-SHULD-BE\clsString.h(43,1): warning C4267: 'return': conversion from 'size_t' to 'short', possible loss of data
C:\Users\H1202\source\repos\OOP-AS-IT-SHULD-BE\OOP-AS-IT-SHULD-BE\clsString.h(48,1): warning C4267: 'return': conversion from 'size_t' to 'short', possible loss of data
C:\Users\H1202\source\repos\OOP-AS-IT-SHULD-BE\OOP-AS-IT-SHULD-BE\clsString.h(60,1): warning C4267: '=': conversion from 'size_t' to 'short', possible loss of data
C:\Users\H1202\source\repos\OOP-AS-IT-SHULD-BE\OOP-AS-IT-SHULD-BE\clsString.h(197,1): warning C4267: 'return': conversion from 'size_t' to 'short', possible loss of data
C:\Users\H1202\source\repos\OOP-AS-IT-SHULD-BE\OOP-AS-IT-SHULD-BE\clsString.h(328,1): warning C4267: '=': conversion from 'size_t' to 'short', possible loss of data
C:\Users\H1202\source\repos\OOP-AS-IT-SHULD-BE\OOP-AS-IT-SHULD-BE\clsString.h(376,1): warning C4267: 'initializing': conversion from 'size_t' to 'short', possible loss of data
C:\Users\H1202\source\repos\OOP-AS-IT-SHULD-BE\OOP-AS-IT-SHULD-BE\clsUtil.h(64,5): warning C4102: 'defualt': unreferenced label
C:\Users\H1202\source\repos\OOP-AS-IT-SHULD-BE\OOP-AS-IT-SHULD-BE\clsUser.h(198,5): warning C4240: nonstandard extension used: access to 'clsUser::stLoginRegisterRecord' now defined to be 'public', previously it was defined to be 'private'
C:\Users\H1202\source\repos\OOP-AS-IT-SHULD-BE\OOP-AS-IT-SHULD-BE\clsUser.h(25,12): message : see declaration of 'clsUser::stLoginRegisterRecord'
C:\Users\H1202\source\repos\OOP-AS-IT-SHULD-BE\OOP-AS-IT-SHULD-BE\clsInputValidate.h(115,16): warning C4244: 'initializing': conversion from 'double' to 'float', possible loss of data
C:\Users\H1202\source\repos\OOP-AS-IT-SHULD-BE\OOP-AS-IT-SHULD-BE\clsInputValidate.h(119,26): warning C4244: '=': conversion from 'double' to 'float', possible loss of data
C:\Users\H1202\source\repos\OOP-AS-IT-SHULD-BE\OOP-AS-IT-SHULD-BE\clsBankClient.h(207,5): warning C4240: nonstandard extension used: access to 'clsBankClient::stTrnsferLogRecord' now defined to be 'public', previously it was defined to be 'private'
C:\Users\H1202\source\repos\OOP-AS-IT-SHULD-BE\OOP-AS-IT-SHULD-BE\clsBankClient.h(152,12): message : see declaration of 'clsBankClient::stTrnsferLogRecord'
C:\Users\H1202\source\repos\OOP-AS-IT-SHULD-BE\OOP-AS-IT-SHULD-BE\clsBankClient.h(28,65): warning C4244: 'argument': conversion from 'double' to 'float', possible loss of data
C:\Users\H1202\source\repos\OOP-AS-IT-SHULD-BE\OOP-AS-IT-SHULD-BE\clsBankClient.h(162,39): warning C4244: '=': conversion from 'double' to 'float', possible loss of data
C:\Users\H1202\source\repos\OOP-AS-IT-SHULD-BE\OOP-AS-IT-SHULD-BE\clsBankClient.h(163,48): warning C4244: '=': conversion from 'double' to 'float', possible loss of data
C:\Users\H1202\source\repos\OOP-AS-IT-SHULD-BE\OOP-AS-IT-SHULD-BE\clsBankClient.h(164,49): warning C4244: '=': conversion from 'double' to 'float', possible loss of data
C:\Users\H1202\source\repos\OOP-AS-IT-SHULD-BE\OOP-AS-IT-SHULD-BE\clsBankClient.h(421,28): warning C4244: '+=': conversion from 'double' to 'float', possible loss of data
C:\Users\H1202\source\repos\OOP-AS-IT-SHULD-BE\OOP-AS-IT-SHULD-BE\clsBankClient.h(434,32): warning C4244: '-=': conversion from 'double' to 'float', possible loss of data
C:\Users\H1202\source\repos\OOP-AS-IT-SHULD-BE\OOP-AS-IT-SHULD-BE\clsAddNewClientScreen.h(31,66): warning C4244: 'argument': conversion from 'double' to 'float', possible loss of data
C:\Users\H1202\source\repos\OOP-AS-IT-SHULD-BE\OOP-AS-IT-SHULD-BE\clsUpdateClientScreen.h(47,66): warning C4244: 'argument': conversion from 'double' to 'float', possible loss of data
C:\Users\H1202\source\repos\OOP-AS-IT-SHULD-BE\OOP-AS-IT-SHULD-BE\clsTotalBalancesScreen.h(57,82): warning C4244: 'argument': conversion from 'double' to 'int', possible loss of data
C:\Users\H1202\source\repos\OOP-AS-IT-SHULD-BE\OOP-AS-IT-SHULD-BE\clsTransferScreen.h(42,51): warning C4244: '=': conversion from 'double' to 'float', possible loss of data
C:\Users\H1202\source\repos\OOP-AS-IT-SHULD-BE\OOP-AS-IT-SHULD-BE\clsTransferScreen.h(47,53): warning C4244: '=': conversion from 'double' to 'float', possible loss of data
C:\Users\H1202\source\repos\OOP-AS-IT-SHULD-BE\OOP-AS-IT-SHULD-BE\clsCurrency.h(27,17): warning C4244: 'argument': conversion from 'double' to 'float', possible loss of data
C:\Users\H1202\source\repos\OOP-AS-IT-SHULD-BE\OOP-AS-IT-SHULD-BE\clsUpdateCurrencyRateScreen.h(17,52): warning C4244: '=': conversion from 'double' to 'float', possible loss of data
C:\Users\H1202\source\repos\OOP-AS-IT-SHULD-BE\OOP-AS-IT-SHULD-BE\clsCurrencyCalculatorScreen.h(17,51): warning C4244: '=': conversion from 'double' to 'float', possible loss of data
C:\Users\H1202\source\repos\OOP-AS-IT-SHULD-BE\OOP-AS-IT-SHULD-BE\OOP-AS-IT-SHULD-BE.cpp(13,13): warning C4930: 'clsUser user(void)': prototyped function not called (was a variable definition intended?)
C:\Users\H1202\source\repos\OOP-AS-IT-SHULD-BE\OOP-AS-IT-SHULD-BE\clsBankClient.h(376): warning C4715: 'clsBankClient::Save': not all control paths return a value
C:\Users\H1202\source\repos\OOP-AS-IT-SHULD-BE\OOP-AS-IT-SHULD-BE\clsUser.h(359): warning C4715: 'clsUser::Save': not all control paths return a value
C:\Users\H1202\source\repos\OOP-AS-IT-SHULD-BE\OOP-AS-IT-SHULD-BE\clsBankClient.h(438): warning C4715: 'clsBankClient::Withdraw': not all control paths return a value
  OOP-AS-IT-SHULD-BE.vcxproj -> C:\Users\H1202\source\repos\OOP-AS-IT-SHULD-BE\x64\Debug\OOP-AS-IT-SHULD-BE.exe
